Started GET "/" for 127.0.0.1 at 2024-12-07 01:12:11 -0600
  [1m[36mActiveRecord::SchemaMigration Load (2.2ms)[0m  [1m[34mSELECT "schema_migrations"."version" FROM "schema_migrations" ORDER BY "schema_migrations"."version" ASC[0m
Processing by LandingController#index as HTML
Session last_seen_at: 2024-12-07 06:57:09 UTC
Current time: 2024-12-07 07:12:12 UTC
Updated session last_seen_at: 2024-12-07T07:12:12Z
  [1m[36mUser Load (3.0ms)[0m  [1m[34mSELECT "users".* FROM "users" WHERE "users"."session_token" = ? LIMIT ?[0m  [["session_token", "[FILTERED]"], ["LIMIT", 1]]
  ↳ app/controllers/application_controller.rb:16:in `set_current_user'
  Rendering layout layouts/application.html.haml
  Rendering landing/index.html.haml within layouts/application
  Rendered shared/_store_button.html.haml (Duration: 98.7ms | GC: 0.0ms)
  [1m[36mActiveStorage::Attachment Load (1.2ms)[0m  [1m[34mSELECT "active_storage_attachments".* FROM "active_storage_attachments" WHERE "active_storage_attachments"."record_id" = ? AND "active_storage_attachments"."record_type" = ? AND "active_storage_attachments"."name" = ? LIMIT ?[0m  [["record_id", 1], ["record_type", "User"], ["name", "profile_image"], ["LIMIT", 1]]
  ↳ app/views/shared/_navigation.html.haml:11
  Rendered shared/_navigation.html.haml (Duration: 273.3ms | GC: 0.7ms)
  Rendered shared/_flash.html.haml (Duration: 24.5ms | GC: 10.5ms)
  [1m[36mGame Exists? (2.1ms)[0m  [1m[34mSELECT 1 AS one FROM "games" INNER JOIN "game_users" ON "games"."id" = "game_users"."game_id" WHERE "game_users"."user_id" = ? LIMIT ?[0m  [["user_id", 1], ["LIMIT", 1]]
  ↳ app/views/landing/index.html.haml:37
  [1m[36mGame Load (3.0ms)[0m  [1m[34mSELECT "games".* FROM "games" INNER JOIN "game_users" ON "games"."id" = "game_users"."game_id" WHERE "game_users"."user_id" = ? ORDER BY "games"."created_at" DESC[0m  [["user_id", 1]]
  ↳ app/views/landing/index.html.haml:38
  [1m[36mGameUser Load (0.8ms)[0m  [1m[34mSELECT "game_users".* FROM "game_users" WHERE "game_users"."game_id" = ?[0m  [["game_id", 1]]
  ↳ app/views/landing/index.html.haml:38
  [1m[36mUser Load (2.9ms)[0m  [1m[34mSELECT "users".* FROM "users" WHERE "users"."id" = ? LIMIT ?[0m  [["id", 1], ["LIMIT", 1]]
  ↳ app/views/landing/index.html.haml:42
  [1m[36mUser Load (1.2ms)[0m  [1m[34mSELECT "users".* FROM "users" INNER JOIN "friendships" ON "users"."id" = "friendships"."friend_id" WHERE "friendships"."user_id" = ? AND "friendships"."status" = ?[0m  [["user_id", 1], ["status", "accepted"]]
  ↳ app/views/landing/index.html.haml:60
  [1m[36mUser Load (2.2ms)[0m  [1m[34mSELECT "users".* FROM "users" INNER JOIN "friendships" ON "users"."id" = "friendships"."user_id" WHERE "friendships"."friend_id" = ? AND "friendships"."status" = ?[0m  [["friend_id", 1], ["status", "accepted"]]
  ↳ app/views/landing/index.html.haml:60
  [1m[36mUser Load (1.7ms)[0m  [1m[34mSELECT "users".* FROM "users" INNER JOIN "game_users" ON "users"."id" = "game_users"."user_id" WHERE "game_users"."game_id" = ?[0m  [["game_id", 1]]
  ↳ app/views/landing/index.html.haml:62:in `-'
  Rendered shared/_flash.html.haml (Duration: 0.0ms | GC: 0.0ms)
  Rendered landing/index.html.haml within layouts/application (Duration: 3519.8ms | GC: 64.7ms)
  Rendered layout layouts/application.html.haml (Duration: 4312.4ms | GC: 70.8ms)
Completed 200 OK in 5494ms (Views: 4353.0ms | ActiveRecord: 126.8ms (9 queries, 0 cached) | GC: 70.8ms)


Started GET "/store_items" for 127.0.0.1 at 2024-12-07 01:12:19 -0600
Processing by StoreItemsController#index as HTML
Session last_seen_at: 2024-12-07 07:12:12 UTC
Current time: 2024-12-07 07:12:19 UTC
Updated session last_seen_at: 2024-12-07T07:12:19Z
  [1m[36mUser Load (1.7ms)[0m  [1m[34mSELECT "users".* FROM "users" WHERE "users"."session_token" = ? LIMIT ?[0m  [["session_token", "[FILTERED]"], ["LIMIT", 1]]
  ↳ app/controllers/application_controller.rb:16:in `set_current_user'
****user_ip=127.0.0.1
user_country_code=
  [1m[36mCACHE User Load (0.0ms)[0m  [1m[34mSELECT "users".* FROM "users" WHERE "users"."session_token" = ? LIMIT ?[0m  [["session_token", "[FILTERED]"], ["LIMIT", 1]]
  ↳ app/controllers/store_items_controller.rb:73:in `current_user'
  Rendering layout layouts/application.html.haml
  Rendering store_items/index.html.haml within layouts/application
  Rendered shared/_store_button.html.haml (Duration: 29.2ms | GC: 0.0ms)
  [1m[36mActiveStorage::Attachment Load (0.9ms)[0m  [1m[34mSELECT "active_storage_attachments".* FROM "active_storage_attachments" WHERE "active_storage_attachments"."record_id" = ? AND "active_storage_attachments"."record_type" = ? AND "active_storage_attachments"."name" = ? LIMIT ?[0m  [["record_id", 1], ["record_type", "User"], ["name", "profile_image"], ["LIMIT", 1]]
  ↳ app/views/shared/_navigation.html.haml:11
  Rendered shared/_navigation.html.haml (Duration: 77.1ms | GC: 14.4ms)
  Rendered shared/_flash.html.haml (Duration: 0.1ms | GC: 0.0ms)
  Rendered store_items/index.html.haml within layouts/application (Duration: 308.9ms | GC: 14.8ms)
  Rendered layout layouts/application.html.haml (Duration: 338.3ms | GC: 15.1ms)
Completed 200 OK in 630ms (Views: 344.3ms | ActiveRecord: 5.9ms (3 queries, 1 cached) | GC: 16.6ms)


Started POST "/store_items/purchase" for 127.0.0.1 at 2024-12-07 01:12:23 -0600
Processing by StoreItemsController#purchase as HTML
  Parameters: {"authenticity_token"=>"[FILTERED]", "shard_amount"=>"1", "item_id"=>"2", "package"=>"", "action_url"=>"/store_items/purchase"}
Session last_seen_at: 2024-12-07 07:12:19 UTC
Current time: 2024-12-07 07:12:23 UTC
Updated session last_seen_at: 2024-12-07T07:12:23Z
  [1m[36mUser Load (0.5ms)[0m  [1m[34mSELECT "users".* FROM "users" WHERE "users"."session_token" = ? LIMIT ?[0m  [["session_token", "[FILTERED]"], ["LIMIT", 1]]
  ↳ app/controllers/application_controller.rb:16:in `set_current_user'
****user_ip=127.0.0.1
user_country_code=
  [1m[36mCACHE User Load (0.0ms)[0m  [1m[34mSELECT "users".* FROM "users" WHERE "users"."session_token" = ? LIMIT ?[0m  [["session_token", "[FILTERED]"], ["LIMIT", 1]]
  ↳ app/controllers/store_items_controller.rb:73:in `current_user'
  [1m[36mUser Update All (44.9ms)[0m  [1m[33mUPDATE "users" SET "shards_balance" = COALESCE("shards_balance", 0) - ? WHERE "users"."id" = ?[0m  [["shards_balance", 1], ["id", 1]]
  ↳ app/controllers/store_items_controller.rb:34:in `purchase'
  [1m[36mUser Update All (8.2ms)[0m  [1m[33mUPDATE "users" SET "health_potion" = COALESCE("health_potion", 0) + ? WHERE "users"."id" = ?[0m  [["health_potion", 1], ["id", 1]]
  ↳ app/models/user.rb:67:in `add_store_item'
Redirected to http://127.0.0.1:3000/store_items
Completed 302 Found in 152ms (ActiveRecord: 53.5ms (4 queries, 1 cached) | GC: 0.0ms)


Started GET "/store_items" for 127.0.0.1 at 2024-12-07 01:12:23 -0600
Processing by StoreItemsController#index as HTML
Session last_seen_at: 2024-12-07 07:12:23 UTC
Current time: 2024-12-07 07:12:24 UTC
Updated session last_seen_at: 2024-12-07T07:12:24Z
  [1m[36mUser Load (3.9ms)[0m  [1m[34mSELECT "users".* FROM "users" WHERE "users"."session_token" = ? LIMIT ?[0m  [["session_token", "[FILTERED]"], ["LIMIT", 1]]
  ↳ app/controllers/application_controller.rb:16:in `set_current_user'
****user_ip=127.0.0.1
user_country_code=
  [1m[36mCACHE User Load (0.0ms)[0m  [1m[34mSELECT "users".* FROM "users" WHERE "users"."session_token" = ? LIMIT ?[0m  [["session_token", "[FILTERED]"], ["LIMIT", 1]]
  ↳ app/controllers/store_items_controller.rb:73:in `current_user'
  Rendering layout layouts/application.html.haml
  Rendering store_items/index.html.haml within layouts/application
  Rendered shared/_store_button.html.haml (Duration: 54.2ms | GC: 0.6ms)
  [1m[36mActiveStorage::Attachment Load (1.8ms)[0m  [1m[34mSELECT "active_storage_attachments".* FROM "active_storage_attachments" WHERE "active_storage_attachments"."record_id" = ? AND "active_storage_attachments"."record_type" = ? AND "active_storage_attachments"."name" = ? LIMIT ?[0m  [["record_id", 1], ["record_type", "User"], ["name", "profile_image"], ["LIMIT", 1]]
  ↳ app/views/shared/_navigation.html.haml:11
  Rendered shared/_navigation.html.haml (Duration: 120.4ms | GC: 0.6ms)
  Rendered shared/_flash.html.haml (Duration: 0.1ms | GC: 0.0ms)
  Rendered store_items/index.html.haml within layouts/application (Duration: 348.2ms | GC: 0.7ms)
  Rendered layout layouts/application.html.haml (Duration: 406.4ms | GC: 2.4ms)
Completed 200 OK in 540ms (Views: 406.1ms | ActiveRecord: 5.6ms (3 queries, 1 cached) | GC: 2.4ms)


Started POST "/store_items/purchase" for 127.0.0.1 at 2024-12-07 01:12:28 -0600
Processing by StoreItemsController#purchase as HTML
  Parameters: {"authenticity_token"=>"[FILTERED]", "shard_amount"=>"120", "item_id"=>"", "package"=>"", "action_url"=>"/store_items/purchase"}
Session last_seen_at: 2024-12-07 07:12:24 UTC
Current time: 2024-12-07 07:12:28 UTC
Updated session last_seen_at: 2024-12-07T07:12:28Z
  [1m[36mUser Load (0.4ms)[0m  [1m[34mSELECT "users".* FROM "users" WHERE "users"."session_token" = ? LIMIT ?[0m  [["session_token", "[FILTERED]"], ["LIMIT", 1]]
  ↳ app/controllers/application_controller.rb:16:in `set_current_user'
****user_ip=127.0.0.1
user_country_code=
  [1m[36mCACHE User Load (0.1ms)[0m  [1m[34mSELECT "users".* FROM "users" WHERE "users"."session_token" = ? LIMIT ?[0m  [["session_token", "[FILTERED]"], ["LIMIT", 1]]
  ↳ app/controllers/store_items_controller.rb:73:in `current_user'
  [1m[36mUser Update All (3.0ms)[0m  [1m[33mUPDATE "users" SET "shards_balance" = COALESCE("shards_balance", 0) + ? WHERE "users"."id" = ?[0m  [["shards_balance", 120], ["id", 1]]
  ↳ app/controllers/store_items_controller.rb:29:in `purchase'
Redirected to http://127.0.0.1:3000/store_items
Completed 302 Found in 96ms (ActiveRecord: 3.4ms (3 queries, 1 cached) | GC: 0.0ms)


Started GET "/store_items" for 127.0.0.1 at 2024-12-07 01:12:28 -0600
Processing by StoreItemsController#index as HTML
Session last_seen_at: 2024-12-07 07:12:28 UTC
Current time: 2024-12-07 07:12:28 UTC
Updated session last_seen_at: 2024-12-07T07:12:28Z
  [1m[36mUser Load (3.4ms)[0m  [1m[34mSELECT "users".* FROM "users" WHERE "users"."session_token" = ? LIMIT ?[0m  [["session_token", "[FILTERED]"], ["LIMIT", 1]]
  ↳ app/controllers/application_controller.rb:16:in `set_current_user'
****user_ip=127.0.0.1
user_country_code=
  [1m[36mCACHE User Load (0.0ms)[0m  [1m[34mSELECT "users".* FROM "users" WHERE "users"."session_token" = ? LIMIT ?[0m  [["session_token", "[FILTERED]"], ["LIMIT", 1]]
  ↳ app/controllers/store_items_controller.rb:73:in `current_user'
  Rendering layout layouts/application.html.haml
  Rendering store_items/index.html.haml within layouts/application
  Rendered shared/_store_button.html.haml (Duration: 35.4ms | GC: 0.0ms)
  [1m[36mActiveStorage::Attachment Load (0.8ms)[0m  [1m[34mSELECT "active_storage_attachments".* FROM "active_storage_attachments" WHERE "active_storage_attachments"."record_id" = ? AND "active_storage_attachments"."record_type" = ? AND "active_storage_attachments"."name" = ? LIMIT ?[0m  [["record_id", 1], ["record_type", "User"], ["name", "profile_image"], ["LIMIT", 1]]
  ↳ app/views/shared/_navigation.html.haml:11
  Rendered shared/_navigation.html.haml (Duration: 69.2ms | GC: 0.0ms)
  Rendered shared/_flash.html.haml (Duration: 0.1ms | GC: 0.0ms)
  Rendered store_items/index.html.haml within layouts/application (Duration: 251.6ms | GC: 0.0ms)
  Rendered layout layouts/application.html.haml (Duration: 302.4ms | GC: 9.7ms)
Completed 200 OK in 399ms (Views: 303.4ms | ActiveRecord: 4.2ms (3 queries, 1 cached) | GC: 9.7ms)


Started POST "/store_items/purchase" for 127.0.0.1 at 2024-12-07 01:12:36 -0600
Processing by StoreItemsController#purchase as HTML
  Parameters: {"authenticity_token"=>"[FILTERED]", "shard_amount"=>"120", "item_id"=>"", "package"=>"", "action_url"=>"/store_items/purchase"}
Session last_seen_at: 2024-12-07 07:12:28 UTC
Current time: 2024-12-07 07:12:36 UTC
Updated session last_seen_at: 2024-12-07T07:12:36Z
  [1m[36mUser Load (0.8ms)[0m  [1m[34mSELECT "users".* FROM "users" WHERE "users"."session_token" = ? LIMIT ?[0m  [["session_token", "[FILTERED]"], ["LIMIT", 1]]
  ↳ app/controllers/application_controller.rb:16:in `set_current_user'
****user_ip=127.0.0.1
user_country_code=
  [1m[36mCACHE User Load (0.0ms)[0m  [1m[34mSELECT "users".* FROM "users" WHERE "users"."session_token" = ? LIMIT ?[0m  [["session_token", "[FILTERED]"], ["LIMIT", 1]]
  ↳ app/controllers/store_items_controller.rb:73:in `current_user'
  [1m[36mUser Update All (3.5ms)[0m  [1m[33mUPDATE "users" SET "shards_balance" = COALESCE("shards_balance", 0) + ? WHERE "users"."id" = ?[0m  [["shards_balance", 120], ["id", 1]]
  ↳ app/controllers/store_items_controller.rb:29:in `purchase'
Redirected to http://127.0.0.1:3000/store_items
Completed 302 Found in 114ms (ActiveRecord: 4.3ms (3 queries, 1 cached) | GC: 0.4ms)


Started GET "/store_items" for 127.0.0.1 at 2024-12-07 01:12:36 -0600
Processing by StoreItemsController#index as HTML
Session last_seen_at: 2024-12-07 07:12:36 UTC
Current time: 2024-12-07 07:12:37 UTC
Updated session last_seen_at: 2024-12-07T07:12:37Z
  [1m[36mUser Load (3.1ms)[0m  [1m[34mSELECT "users".* FROM "users" WHERE "users"."session_token" = ? LIMIT ?[0m  [["session_token", "[FILTERED]"], ["LIMIT", 1]]
  ↳ app/controllers/application_controller.rb:16:in `set_current_user'
****user_ip=127.0.0.1
user_country_code=
  [1m[36mCACHE User Load (0.0ms)[0m  [1m[34mSELECT "users".* FROM "users" WHERE "users"."session_token" = ? LIMIT ?[0m  [["session_token", "[FILTERED]"], ["LIMIT", 1]]
  ↳ app/controllers/store_items_controller.rb:73:in `current_user'
  Rendering layout layouts/application.html.haml
  Rendering store_items/index.html.haml within layouts/application
  Rendered shared/_store_button.html.haml (Duration: 46.5ms | GC: 0.0ms)
  [1m[36mActiveStorage::Attachment Load (0.7ms)[0m  [1m[34mSELECT "active_storage_attachments".* FROM "active_storage_attachments" WHERE "active_storage_attachments"."record_id" = ? AND "active_storage_attachments"."record_type" = ? AND "active_storage_attachments"."name" = ? LIMIT ?[0m  [["record_id", 1], ["record_type", "User"], ["name", "profile_image"], ["LIMIT", 1]]
  ↳ app/views/shared/_navigation.html.haml:11
  Rendered shared/_navigation.html.haml (Duration: 94.8ms | GC: 0.0ms)
  Rendered shared/_flash.html.haml (Duration: 0.1ms | GC: 0.0ms)
  Rendered store_items/index.html.haml within layouts/application (Duration: 299.9ms | GC: 0.4ms)
  Rendered layout layouts/application.html.haml (Duration: 323.6ms | GC: 0.6ms)
Completed 200 OK in 445ms (Views: 323.9ms | ActiveRecord: 3.8ms (3 queries, 1 cached) | GC: 1.0ms)


Started POST "/store_items/purchase" for 127.0.0.1 at 2024-12-07 01:12:43 -0600
Processing by StoreItemsController#purchase as HTML
  Parameters: {"authenticity_token"=>"[FILTERED]", "shard_amount"=>"3", "item_id"=>"3", "package"=>"", "action_url"=>"/store_items/purchase"}
Session last_seen_at: 2024-12-07 07:12:37 UTC
Current time: 2024-12-07 07:12:44 UTC
Updated session last_seen_at: 2024-12-07T07:12:44Z
  [1m[36mUser Load (0.5ms)[0m  [1m[34mSELECT "users".* FROM "users" WHERE "users"."session_token" = ? LIMIT ?[0m  [["session_token", "[FILTERED]"], ["LIMIT", 1]]
  ↳ app/controllers/application_controller.rb:16:in `set_current_user'
****user_ip=127.0.0.1
user_country_code=
  [1m[36mCACHE User Load (0.1ms)[0m  [1m[34mSELECT "users".* FROM "users" WHERE "users"."session_token" = ? LIMIT ?[0m  [["session_token", "[FILTERED]"], ["LIMIT", 1]]
  ↳ app/controllers/store_items_controller.rb:73:in `current_user'
  [1m[36mUser Update All (1.9ms)[0m  [1m[33mUPDATE "users" SET "shards_balance" = COALESCE("shards_balance", 0) - ? WHERE "users"."id" = ?[0m  [["shards_balance", 3], ["id", 1]]
  ↳ app/controllers/store_items_controller.rb:34:in `purchase'
Completed 500 Internal Server Error in 94ms (ActiveRecord: 2.5ms (3 queries, 1 cached) | GC: 0.3ms)


  
ActiveModel::MissingAttributeError (can't write unknown attribute `resurrection`):
  
app/models/user.rb:69:in `add_store_item'
app/controllers/store_items_controller.rb:35:in `purchase'
Started POST "/store_items/purchase" for 127.0.0.1 at 2024-12-07 01:12:53 -0600
Processing by StoreItemsController#purchase as HTML
  Parameters: {"authenticity_token"=>"[FILTERED]", "shard_amount"=>"1", "item_id"=>"2", "package"=>"", "action_url"=>"/store_items/purchase"}
Session last_seen_at: 2024-12-07 07:12:37 UTC
Current time: 2024-12-07 07:12:54 UTC
Updated session last_seen_at: 2024-12-07T07:12:54Z
  [1m[36mUser Load (1.0ms)[0m  [1m[34mSELECT "users".* FROM "users" WHERE "users"."session_token" = ? LIMIT ?[0m  [["session_token", "[FILTERED]"], ["LIMIT", 1]]
  ↳ app/controllers/application_controller.rb:16:in `set_current_user'
****user_ip=127.0.0.1
user_country_code=
  [1m[36mCACHE User Load (0.1ms)[0m  [1m[34mSELECT "users".* FROM "users" WHERE "users"."session_token" = ? LIMIT ?[0m  [["session_token", "[FILTERED]"], ["LIMIT", 1]]
  ↳ app/controllers/store_items_controller.rb:73:in `current_user'
  [1m[36mUser Update All (5.1ms)[0m  [1m[33mUPDATE "users" SET "shards_balance" = COALESCE("shards_balance", 0) - ? WHERE "users"."id" = ?[0m  [["shards_balance", 1], ["id", 1]]
  ↳ app/controllers/store_items_controller.rb:34:in `purchase'
  [1m[36mUser Update All (9.7ms)[0m  [1m[33mUPDATE "users" SET "health_potion" = COALESCE("health_potion", 0) + ? WHERE "users"."id" = ?[0m  [["health_potion", 1], ["id", 1]]
  ↳ app/models/user.rb:67:in `add_store_item'
Redirected to http://127.0.0.1:3000/store_items
Completed 302 Found in 150ms (ActiveRecord: 15.8ms (4 queries, 1 cached) | GC: 0.0ms)


Started GET "/store_items" for 127.0.0.1 at 2024-12-07 01:12:54 -0600
Processing by StoreItemsController#index as HTML
Session last_seen_at: 2024-12-07 07:12:54 UTC
Current time: 2024-12-07 07:12:55 UTC
Updated session last_seen_at: 2024-12-07T07:12:55Z
  [1m[36mUser Load (2.3ms)[0m  [1m[34mSELECT "users".* FROM "users" WHERE "users"."session_token" = ? LIMIT ?[0m  [["session_token", "[FILTERED]"], ["LIMIT", 1]]
  ↳ app/controllers/application_controller.rb:16:in `set_current_user'
****user_ip=127.0.0.1
user_country_code=
  [1m[36mCACHE User Load (0.0ms)[0m  [1m[34mSELECT "users".* FROM "users" WHERE "users"."session_token" = ? LIMIT ?[0m  [["session_token", "[FILTERED]"], ["LIMIT", 1]]
  ↳ app/controllers/store_items_controller.rb:73:in `current_user'
  Rendering layout layouts/application.html.haml
  Rendering store_items/index.html.haml within layouts/application
  Rendered shared/_store_button.html.haml (Duration: 39.6ms | GC: 0.3ms)
  [1m[36mActiveStorage::Attachment Load (0.8ms)[0m  [1m[34mSELECT "active_storage_attachments".* FROM "active_storage_attachments" WHERE "active_storage_attachments"."record_id" = ? AND "active_storage_attachments"."record_type" = ? AND "active_storage_attachments"."name" = ? LIMIT ?[0m  [["record_id", 1], ["record_type", "User"], ["name", "profile_image"], ["LIMIT", 1]]
  ↳ app/views/shared/_navigation.html.haml:11
  Rendered shared/_navigation.html.haml (Duration: 87.7ms | GC: 0.3ms)
  Rendered shared/_flash.html.haml (Duration: 0.1ms | GC: 0.0ms)
  Rendered store_items/index.html.haml within layouts/application (Duration: 319.1ms | GC: 0.3ms)
  Rendered layout layouts/application.html.haml (Duration: 373.3ms | GC: 0.7ms)
Completed 200 OK in 510ms (Views: 374.1ms | ActiveRecord: 3.0ms (3 queries, 1 cached) | GC: 0.7ms)


Started POST "/store_items/purchase" for 127.0.0.1 at 2024-12-07 01:13:01 -0600
Processing by StoreItemsController#purchase as HTML
  Parameters: {"authenticity_token"=>"[FILTERED]", "shard_amount"=>"1", "item_id"=>"2", "package"=>"", "action_url"=>"/store_items/purchase"}
Session last_seen_at: 2024-12-07 07:12:55 UTC
Current time: 2024-12-07 07:13:01 UTC
Updated session last_seen_at: 2024-12-07T07:13:01Z
  [1m[36mUser Load (4.0ms)[0m  [1m[34mSELECT "users".* FROM "users" WHERE "users"."session_token" = ? LIMIT ?[0m  [["session_token", "[FILTERED]"], ["LIMIT", 1]]
  ↳ app/controllers/application_controller.rb:16:in `set_current_user'
****user_ip=127.0.0.1
user_country_code=
  [1m[36mCACHE User Load (0.0ms)[0m  [1m[34mSELECT "users".* FROM "users" WHERE "users"."session_token" = ? LIMIT ?[0m  [["session_token", "[FILTERED]"], ["LIMIT", 1]]
  ↳ app/controllers/store_items_controller.rb:73:in `current_user'
  [1m[36mUser Update All (3.8ms)[0m  [1m[33mUPDATE "users" SET "shards_balance" = COALESCE("shards_balance", 0) - ? WHERE "users"."id" = ?[0m  [["shards_balance", 1], ["id", 1]]
  ↳ app/controllers/store_items_controller.rb:34:in `purchase'
  [1m[36mUser Update All (4.9ms)[0m  [1m[33mUPDATE "users" SET "health_potion" = COALESCE("health_potion", 0) + ? WHERE "users"."id" = ?[0m  [["health_potion", 1], ["id", 1]]
  ↳ app/models/user.rb:67:in `add_store_item'
Redirected to http://127.0.0.1:3000/store_items
Completed 302 Found in 100ms (ActiveRecord: 12.6ms (4 queries, 1 cached) | GC: 0.2ms)


Started GET "/store_items" for 127.0.0.1 at 2024-12-07 01:13:01 -0600
Processing by StoreItemsController#index as HTML
Session last_seen_at: 2024-12-07 07:13:01 UTC
Current time: 2024-12-07 07:13:02 UTC
Updated session last_seen_at: 2024-12-07T07:13:02Z
  [1m[36mUser Load (1.1ms)[0m  [1m[34mSELECT "users".* FROM "users" WHERE "users"."session_token" = ? LIMIT ?[0m  [["session_token", "[FILTERED]"], ["LIMIT", 1]]
  ↳ app/controllers/application_controller.rb:16:in `set_current_user'
****user_ip=127.0.0.1
user_country_code=
  [1m[36mCACHE User Load (0.1ms)[0m  [1m[34mSELECT "users".* FROM "users" WHERE "users"."session_token" = ? LIMIT ?[0m  [["session_token", "[FILTERED]"], ["LIMIT", 1]]
  ↳ app/controllers/store_items_controller.rb:73:in `current_user'
  Rendering layout layouts/application.html.haml
  Rendering store_items/index.html.haml within layouts/application
  Rendered shared/_store_button.html.haml (Duration: 46.2ms | GC: 1.1ms)
  [1m[36mActiveStorage::Attachment Load (1.6ms)[0m  [1m[34mSELECT "active_storage_attachments".* FROM "active_storage_attachments" WHERE "active_storage_attachments"."record_id" = ? AND "active_storage_attachments"."record_type" = ? AND "active_storage_attachments"."name" = ? LIMIT ?[0m  [["record_id", 1], ["record_type", "User"], ["name", "profile_image"], ["LIMIT", 1]]
  ↳ app/views/shared/_navigation.html.haml:11
  Rendered shared/_navigation.html.haml (Duration: 104.7ms | GC: 4.5ms)
  Rendered shared/_flash.html.haml (Duration: 0.1ms | GC: 0.0ms)
  Rendered store_items/index.html.haml within layouts/application (Duration: 340.6ms | GC: 10.1ms)
  Rendered layout layouts/application.html.haml (Duration: 419.0ms | GC: 23.7ms)
Completed 200 OK in 531ms (Views: 418.9ms | ActiveRecord: 2.6ms (3 queries, 1 cached) | GC: 29.6ms)


Started POST "/store_items/purchase" for 127.0.0.1 at 2024-12-07 01:13:07 -0600
Processing by StoreItemsController#purchase as HTML
  Parameters: {"authenticity_token"=>"[FILTERED]", "shard_amount"=>"1", "item_id"=>"2", "package"=>"", "action_url"=>"/store_items/purchase"}
Session last_seen_at: 2024-12-07 07:13:02 UTC
Current time: 2024-12-07 07:13:07 UTC
Updated session last_seen_at: 2024-12-07T07:13:07Z
  [1m[36mUser Load (1.0ms)[0m  [1m[34mSELECT "users".* FROM "users" WHERE "users"."session_token" = ? LIMIT ?[0m  [["session_token", "[FILTERED]"], ["LIMIT", 1]]
  ↳ app/controllers/application_controller.rb:16:in `set_current_user'
****user_ip=127.0.0.1
user_country_code=
  [1m[36mCACHE User Load (0.0ms)[0m  [1m[34mSELECT "users".* FROM "users" WHERE "users"."session_token" = ? LIMIT ?[0m  [["session_token", "[FILTERED]"], ["LIMIT", 1]]
  ↳ app/controllers/store_items_controller.rb:73:in `current_user'
  [1m[36mUser Update All (3.2ms)[0m  [1m[33mUPDATE "users" SET "shards_balance" = COALESCE("shards_balance", 0) - ? WHERE "users"."id" = ?[0m  [["shards_balance", 1], ["id", 1]]
  ↳ app/controllers/store_items_controller.rb:34:in `purchase'
  [1m[36mUser Update All (3.1ms)[0m  [1m[33mUPDATE "users" SET "health_potion" = COALESCE("health_potion", 0) + ? WHERE "users"."id" = ?[0m  [["health_potion", 1], ["id", 1]]
  ↳ app/models/user.rb:67:in `add_store_item'
Redirected to http://127.0.0.1:3000/store_items
Completed 302 Found in 126ms (ActiveRecord: 7.3ms (4 queries, 1 cached) | GC: 14.0ms)


Started GET "/store_items" for 127.0.0.1 at 2024-12-07 01:13:07 -0600
Processing by StoreItemsController#index as HTML
Session last_seen_at: 2024-12-07 07:13:07 UTC
Current time: 2024-12-07 07:13:08 UTC
Updated session last_seen_at: 2024-12-07T07:13:08Z
  [1m[36mUser Load (1.4ms)[0m  [1m[34mSELECT "users".* FROM "users" WHERE "users"."session_token" = ? LIMIT ?[0m  [["session_token", "[FILTERED]"], ["LIMIT", 1]]
  ↳ app/controllers/application_controller.rb:16:in `set_current_user'
****user_ip=127.0.0.1
user_country_code=
  [1m[36mCACHE User Load (0.1ms)[0m  [1m[34mSELECT "users".* FROM "users" WHERE "users"."session_token" = ? LIMIT ?[0m  [["session_token", "[FILTERED]"], ["LIMIT", 1]]
  ↳ app/controllers/store_items_controller.rb:73:in `current_user'
  Rendering layout layouts/application.html.haml
  Rendering store_items/index.html.haml within layouts/application
  Rendered shared/_store_button.html.haml (Duration: 42.8ms | GC: 0.0ms)
  [1m[36mActiveStorage::Attachment Load (0.5ms)[0m  [1m[34mSELECT "active_storage_attachments".* FROM "active_storage_attachments" WHERE "active_storage_attachments"."record_id" = ? AND "active_storage_attachments"."record_type" = ? AND "active_storage_attachments"."name" = ? LIMIT ?[0m  [["record_id", 1], ["record_type", "User"], ["name", "profile_image"], ["LIMIT", 1]]
  ↳ app/views/shared/_navigation.html.haml:11
  Rendered shared/_navigation.html.haml (Duration: 89.3ms | GC: 0.0ms)
  Rendered shared/_flash.html.haml (Duration: 0.1ms | GC: 0.0ms)
  Rendered store_items/index.html.haml within layouts/application (Duration: 280.6ms | GC: 0.4ms)
  Rendered layout layouts/application.html.haml (Duration: 340.6ms | GC: 0.7ms)
Completed 200 OK in 426ms (Views: 341.6ms | ActiveRecord: 1.9ms (3 queries, 1 cached) | GC: 1.2ms)


Started POST "/store_items/purchase" for 127.0.0.1 at 2024-12-07 01:13:20 -0600
Processing by StoreItemsController#purchase as HTML
  Parameters: {"authenticity_token"=>"[FILTERED]", "shard_amount"=>"2", "item_id"=>"1", "package"=>"", "action_url"=>"/store_items/purchase"}
Session last_seen_at: 2024-12-07 07:13:08 UTC
Current time: 2024-12-07 07:13:20 UTC
Updated session last_seen_at: 2024-12-07T07:13:20Z
  [1m[36mUser Load (1.0ms)[0m  [1m[34mSELECT "users".* FROM "users" WHERE "users"."session_token" = ? LIMIT ?[0m  [["session_token", "[FILTERED]"], ["LIMIT", 1]]
  ↳ app/controllers/application_controller.rb:16:in `set_current_user'
****user_ip=127.0.0.1
user_country_code=
  [1m[36mCACHE User Load (0.0ms)[0m  [1m[34mSELECT "users".* FROM "users" WHERE "users"."session_token" = ? LIMIT ?[0m  [["session_token", "[FILTERED]"], ["LIMIT", 1]]
  ↳ app/controllers/store_items_controller.rb:73:in `current_user'
  [1m[36mUser Update All (2.7ms)[0m  [1m[33mUPDATE "users" SET "shards_balance" = COALESCE("shards_balance", 0) - ? WHERE "users"."id" = ?[0m  [["shards_balance", 2], ["id", 1]]
  ↳ app/controllers/store_items_controller.rb:34:in `purchase'
  [1m[36mUser Update All (4.2ms)[0m  [1m[33mUPDATE "users" SET "teleport" = COALESCE("teleport", 0) + ? WHERE "users"."id" = ?[0m  [["teleport", 1], ["id", 1]]
  ↳ app/models/user.rb:65:in `add_store_item'
Redirected to http://127.0.0.1:3000/store_items
Completed 302 Found in 117ms (ActiveRecord: 7.9ms (4 queries, 1 cached) | GC: 0.3ms)


Started GET "/store_items" for 127.0.0.1 at 2024-12-07 01:13:20 -0600
Processing by StoreItemsController#index as HTML
Session last_seen_at: 2024-12-07 07:13:20 UTC
Current time: 2024-12-07 07:13:21 UTC
Updated session last_seen_at: 2024-12-07T07:13:21Z
  [1m[36mUser Load (3.6ms)[0m  [1m[34mSELECT "users".* FROM "users" WHERE "users"."session_token" = ? LIMIT ?[0m  [["session_token", "[FILTERED]"], ["LIMIT", 1]]
  ↳ app/controllers/application_controller.rb:16:in `set_current_user'
****user_ip=127.0.0.1
user_country_code=
  [1m[36mCACHE User Load (0.1ms)[0m  [1m[34mSELECT "users".* FROM "users" WHERE "users"."session_token" = ? LIMIT ?[0m  [["session_token", "[FILTERED]"], ["LIMIT", 1]]
  ↳ app/controllers/store_items_controller.rb:73:in `current_user'
  Rendering layout layouts/application.html.haml
  Rendering store_items/index.html.haml within layouts/application
  Rendered shared/_store_button.html.haml (Duration: 41.4ms | GC: 0.0ms)
  [1m[36mActiveStorage::Attachment Load (0.6ms)[0m  [1m[34mSELECT "active_storage_attachments".* FROM "active_storage_attachments" WHERE "active_storage_attachments"."record_id" = ? AND "active_storage_attachments"."record_type" = ? AND "active_storage_attachments"."name" = ? LIMIT ?[0m  [["record_id", 1], ["record_type", "User"], ["name", "profile_image"], ["LIMIT", 1]]
  ↳ app/views/shared/_navigation.html.haml:11
  Rendered shared/_navigation.html.haml (Duration: 100.3ms | GC: 0.2ms)
  Rendered shared/_flash.html.haml (Duration: 0.1ms | GC: 0.0ms)
  Rendered store_items/index.html.haml within layouts/application (Duration: 298.6ms | GC: 0.3ms)
  Rendered layout layouts/application.html.haml (Duration: 365.6ms | GC: 0.5ms)
Completed 200 OK in 461ms (Views: 367.0ms | ActiveRecord: 4.2ms (3 queries, 1 cached) | GC: 0.9ms)


Started POST "/store_items/purchase" for 127.0.0.1 at 2024-12-07 01:14:21 -0600
  [1m[36mActiveRecord::SchemaMigration Load (5.4ms)[0m  [1m[34mSELECT "schema_migrations"."version" FROM "schema_migrations" ORDER BY "schema_migrations"."version" ASC[0m
Processing by StoreItemsController#purchase as HTML
  Parameters: {"authenticity_token"=>"[FILTERED]", "shard_amount"=>"3", "item_id"=>"3", "package"=>"", "action_url"=>"/store_items/purchase"}
Session last_seen_at: 2024-12-07 07:13:21 UTC
Current time: 2024-12-07 07:14:22 UTC
Updated session last_seen_at: 2024-12-07T07:14:22Z
  [1m[36mUser Load (4.1ms)[0m  [1m[34mSELECT "users".* FROM "users" WHERE "users"."session_token" = ? LIMIT ?[0m  [["session_token", "[FILTERED]"], ["LIMIT", 1]]
  ↳ app/controllers/application_controller.rb:16:in `set_current_user'
****user_ip=127.0.0.1
user_country_code=
  [1m[36mCACHE User Load (0.0ms)[0m  [1m[34mSELECT "users".* FROM "users" WHERE "users"."session_token" = ? LIMIT ?[0m  [["session_token", "[FILTERED]"], ["LIMIT", 1]]
  ↳ app/controllers/store_items_controller.rb:73:in `current_user'
  [1m[36mUser Update All (8.8ms)[0m  [1m[33mUPDATE "users" SET "shards_balance" = COALESCE("shards_balance", 0) - ? WHERE "users"."id" = ?[0m  [["shards_balance", 3], ["id", 1]]
  ↳ app/controllers/store_items_controller.rb:34:in `purchase'
  [1m[36mUser Update All (5.1ms)[0m  [1m[33mUPDATE "users" SET "resurrection_token" = COALESCE("resurrection_token", 0) + ? WHERE "users"."id" = ?[0m  [["resurrection_token", "[FILTERED]"], ["id", 1]]
  ↳ app/models/user.rb:69:in `add_store_item'
Redirected to http://127.0.0.1:3000/store_items
Completed 302 Found in 868ms (ActiveRecord: 126.9ms (4 queries, 1 cached) | GC: 0.0ms)


Started GET "/store_items" for 127.0.0.1 at 2024-12-07 01:14:23 -0600
Processing by StoreItemsController#index as HTML
Session last_seen_at: 2024-12-07 07:14:22 UTC
Current time: 2024-12-07 07:14:23 UTC
Updated session last_seen_at: 2024-12-07T07:14:23Z
  [1m[36mUser Load (4.0ms)[0m  [1m[34mSELECT "users".* FROM "users" WHERE "users"."session_token" = ? LIMIT ?[0m  [["session_token", "[FILTERED]"], ["LIMIT", 1]]
  ↳ app/controllers/application_controller.rb:16:in `set_current_user'
****user_ip=127.0.0.1
user_country_code=
  [1m[36mCACHE User Load (0.0ms)[0m  [1m[34mSELECT "users".* FROM "users" WHERE "users"."session_token" = ? LIMIT ?[0m  [["session_token", "[FILTERED]"], ["LIMIT", 1]]
  ↳ app/controllers/store_items_controller.rb:73:in `current_user'
  Rendering layout layouts/application.html.haml
  Rendering store_items/index.html.haml within layouts/application
  Rendered shared/_store_button.html.haml (Duration: 68.3ms | GC: 2.7ms)
  [1m[36mActiveStorage::Attachment Load (0.8ms)[0m  [1m[34mSELECT "active_storage_attachments".* FROM "active_storage_attachments" WHERE "active_storage_attachments"."record_id" = ? AND "active_storage_attachments"."record_type" = ? AND "active_storage_attachments"."name" = ? LIMIT ?[0m  [["record_id", 1], ["record_type", "User"], ["name", "profile_image"], ["LIMIT", 1]]
  ↳ app/views/shared/_navigation.html.haml:11
  Rendered shared/_navigation.html.haml (Duration: 249.1ms | GC: 24.4ms)
  Rendered shared/_flash.html.haml (Duration: 9.9ms | GC: 0.6ms)
  Rendered store_items/index.html.haml within layouts/application (Duration: 3534.3ms | GC: 63.7ms)
  Rendered layout layouts/application.html.haml (Duration: 3975.2ms | GC: 65.7ms)
Completed 200 OK in 4348ms (Views: 4030.3ms | ActiveRecord: 10.1ms (3 queries, 1 cached) | GC: 65.7ms)


Started GET "/store_items" for 127.0.0.1 at 2024-12-07 01:14:29 -0600
Processing by StoreItemsController#index as HTML
Session last_seen_at: 2024-12-07 07:14:22 UTC
Current time: 2024-12-07 07:14:29 UTC
Updated session last_seen_at: 2024-12-07T07:14:29Z
  [1m[36mUser Load (0.9ms)[0m  [1m[34mSELECT "users".* FROM "users" WHERE "users"."session_token" = ? LIMIT ?[0m  [["session_token", "[FILTERED]"], ["LIMIT", 1]]
  ↳ app/controllers/application_controller.rb:16:in `set_current_user'
****user_ip=127.0.0.1
user_country_code=
  [1m[36mCACHE User Load (0.0ms)[0m  [1m[34mSELECT "users".* FROM "users" WHERE "users"."session_token" = ? LIMIT ?[0m  [["session_token", "[FILTERED]"], ["LIMIT", 1]]
  ↳ app/controllers/store_items_controller.rb:73:in `current_user'
  Rendering layout layouts/application.html.haml
  Rendering store_items/index.html.haml within layouts/application
  Rendered shared/_store_button.html.haml (Duration: 32.8ms | GC: 0.0ms)
  [1m[36mActiveStorage::Attachment Load (0.9ms)[0m  [1m[34mSELECT "active_storage_attachments".* FROM "active_storage_attachments" WHERE "active_storage_attachments"."record_id" = ? AND "active_storage_attachments"."record_type" = ? AND "active_storage_attachments"."name" = ? LIMIT ?[0m  [["record_id", 1], ["record_type", "User"], ["name", "profile_image"], ["LIMIT", 1]]
  ↳ app/views/shared/_navigation.html.haml:11
  Rendered shared/_navigation.html.haml (Duration: 86.0ms | GC: 0.0ms)
  Rendered shared/_flash.html.haml (Duration: 0.1ms | GC: 0.0ms)
  Rendered store_items/index.html.haml within layouts/application (Duration: 279.3ms | GC: 0.0ms)
  Rendered layout layouts/application.html.haml (Duration: 345.5ms | GC: 12.8ms)
Completed 200 OK in 448ms (Views: 346.6ms | ActiveRecord: 1.7ms (3 queries, 1 cached) | GC: 12.8ms)


Started POST "/store_items/purchase" for 127.0.0.1 at 2024-12-07 01:14:34 -0600
Processing by StoreItemsController#purchase as HTML
  Parameters: {"authenticity_token"=>"[FILTERED]", "shard_amount"=>"3", "item_id"=>"3", "package"=>"", "action_url"=>"/store_items/purchase"}
Session last_seen_at: 2024-12-07 07:14:29 UTC
Current time: 2024-12-07 07:14:35 UTC
Updated session last_seen_at: 2024-12-07T07:14:35Z
  [1m[36mUser Load (1.0ms)[0m  [1m[34mSELECT "users".* FROM "users" WHERE "users"."session_token" = ? LIMIT ?[0m  [["session_token", "[FILTERED]"], ["LIMIT", 1]]
  ↳ app/controllers/application_controller.rb:16:in `set_current_user'
****user_ip=127.0.0.1
user_country_code=
  [1m[36mCACHE User Load (0.0ms)[0m  [1m[34mSELECT "users".* FROM "users" WHERE "users"."session_token" = ? LIMIT ?[0m  [["session_token", "[FILTERED]"], ["LIMIT", 1]]
  ↳ app/controllers/store_items_controller.rb:73:in `current_user'
  [1m[36mUser Update All (2.4ms)[0m  [1m[33mUPDATE "users" SET "shards_balance" = COALESCE("shards_balance", 0) - ? WHERE "users"."id" = ?[0m  [["shards_balance", 3], ["id", 1]]
  ↳ app/controllers/store_items_controller.rb:34:in `purchase'
  [1m[36mUser Update All (3.3ms)[0m  [1m[33mUPDATE "users" SET "resurrection_token" = COALESCE("resurrection_token", 0) + ? WHERE "users"."id" = ?[0m  [["resurrection_token", "[FILTERED]"], ["id", 1]]
  ↳ app/models/user.rb:69:in `add_store_item'
Redirected to http://127.0.0.1:3000/store_items
Completed 302 Found in 135ms (ActiveRecord: 6.6ms (4 queries, 1 cached) | GC: 0.5ms)


Started GET "/store_items" for 127.0.0.1 at 2024-12-07 01:14:35 -0600
Processing by StoreItemsController#index as HTML
Session last_seen_at: 2024-12-07 07:14:35 UTC
Current time: 2024-12-07 07:14:35 UTC
Updated session last_seen_at: 2024-12-07T07:14:35Z
  [1m[36mUser Load (1.8ms)[0m  [1m[34mSELECT "users".* FROM "users" WHERE "users"."session_token" = ? LIMIT ?[0m  [["session_token", "[FILTERED]"], ["LIMIT", 1]]
  ↳ app/controllers/application_controller.rb:16:in `set_current_user'
****user_ip=127.0.0.1
user_country_code=
  [1m[36mCACHE User Load (0.0ms)[0m  [1m[34mSELECT "users".* FROM "users" WHERE "users"."session_token" = ? LIMIT ?[0m  [["session_token", "[FILTERED]"], ["LIMIT", 1]]
  ↳ app/controllers/store_items_controller.rb:73:in `current_user'
  Rendering layout layouts/application.html.haml
  Rendering store_items/index.html.haml within layouts/application
  Rendered shared/_store_button.html.haml (Duration: 41.1ms | GC: 0.0ms)
  [1m[36mActiveStorage::Attachment Load (0.9ms)[0m  [1m[34mSELECT "active_storage_attachments".* FROM "active_storage_attachments" WHERE "active_storage_attachments"."record_id" = ? AND "active_storage_attachments"."record_type" = ? AND "active_storage_attachments"."name" = ? LIMIT ?[0m  [["record_id", 1], ["record_type", "User"], ["name", "profile_image"], ["LIMIT", 1]]
  ↳ app/views/shared/_navigation.html.haml:11
  Rendered shared/_navigation.html.haml (Duration: 84.6ms | GC: 0.0ms)
  Rendered shared/_flash.html.haml (Duration: 0.1ms | GC: 0.0ms)
  Rendered store_items/index.html.haml within layouts/application (Duration: 296.7ms | GC: 0.3ms)
  Rendered layout layouts/application.html.haml (Duration: 371.7ms | GC: 0.6ms)
Completed 200 OK in 453ms (Views: 373.1ms | ActiveRecord: 2.6ms (3 queries, 1 cached) | GC: 1.1ms)


Started POST "/store_items/purchase" for 127.0.0.1 at 2024-12-07 01:14:41 -0600
Processing by StoreItemsController#purchase as HTML
  Parameters: {"authenticity_token"=>"[FILTERED]", "shard_amount"=>"3", "item_id"=>"3", "package"=>"", "action_url"=>"/store_items/purchase"}
Session last_seen_at: 2024-12-07 07:14:35 UTC
Current time: 2024-12-07 07:14:41 UTC
Updated session last_seen_at: 2024-12-07T07:14:41Z
  [1m[36mUser Load (1.1ms)[0m  [1m[34mSELECT "users".* FROM "users" WHERE "users"."session_token" = ? LIMIT ?[0m  [["session_token", "[FILTERED]"], ["LIMIT", 1]]
  ↳ app/controllers/application_controller.rb:16:in `set_current_user'
****user_ip=127.0.0.1
user_country_code=
  [1m[36mCACHE User Load (0.0ms)[0m  [1m[34mSELECT "users".* FROM "users" WHERE "users"."session_token" = ? LIMIT ?[0m  [["session_token", "[FILTERED]"], ["LIMIT", 1]]
  ↳ app/controllers/store_items_controller.rb:73:in `current_user'
  [1m[36mUser Update All (3.3ms)[0m  [1m[33mUPDATE "users" SET "shards_balance" = COALESCE("shards_balance", 0) - ? WHERE "users"."id" = ?[0m  [["shards_balance", 3], ["id", 1]]
  ↳ app/controllers/store_items_controller.rb:34:in `purchase'
  [1m[36mUser Update All (2.8ms)[0m  [1m[33mUPDATE "users" SET "resurrection_token" = COALESCE("resurrection_token", 0) + ? WHERE "users"."id" = ?[0m  [["resurrection_token", "[FILTERED]"], ["id", 1]]
  ↳ app/models/user.rb:69:in `add_store_item'
Redirected to http://127.0.0.1:3000/store_items
Completed 302 Found in 97ms (ActiveRecord: 7.2ms (4 queries, 1 cached) | GC: 0.3ms)


Started GET "/store_items" for 127.0.0.1 at 2024-12-07 01:14:41 -0600
Processing by StoreItemsController#index as HTML
Session last_seen_at: 2024-12-07 07:14:41 UTC
Current time: 2024-12-07 07:14:41 UTC
Updated session last_seen_at: 2024-12-07T07:14:41Z
  [1m[36mUser Load (1.2ms)[0m  [1m[34mSELECT "users".* FROM "users" WHERE "users"."session_token" = ? LIMIT ?[0m  [["session_token", "[FILTERED]"], ["LIMIT", 1]]
  ↳ app/controllers/application_controller.rb:16:in `set_current_user'
****user_ip=127.0.0.1
user_country_code=
  [1m[36mCACHE User Load (0.0ms)[0m  [1m[34mSELECT "users".* FROM "users" WHERE "users"."session_token" = ? LIMIT ?[0m  [["session_token", "[FILTERED]"], ["LIMIT", 1]]
  ↳ app/controllers/store_items_controller.rb:73:in `current_user'
  Rendering layout layouts/application.html.haml
  Rendering store_items/index.html.haml within layouts/application
  Rendered shared/_store_button.html.haml (Duration: 43.6ms | GC: 0.0ms)
  [1m[36mActiveStorage::Attachment Load (0.7ms)[0m  [1m[34mSELECT "active_storage_attachments".* FROM "active_storage_attachments" WHERE "active_storage_attachments"."record_id" = ? AND "active_storage_attachments"."record_type" = ? AND "active_storage_attachments"."name" = ? LIMIT ?[0m  [["record_id", 1], ["record_type", "User"], ["name", "profile_image"], ["LIMIT", 1]]
  ↳ app/views/shared/_navigation.html.haml:11
  Rendered shared/_navigation.html.haml (Duration: 87.3ms | GC: 0.0ms)
  Rendered shared/_flash.html.haml (Duration: 0.1ms | GC: 0.0ms)
  Rendered store_items/index.html.haml within layouts/application (Duration: 317.8ms | GC: 0.0ms)
  Rendered layout layouts/application.html.haml (Duration: 380.8ms | GC: 0.0ms)
Completed 200 OK in 463ms (Views: 381.5ms | ActiveRecord: 1.8ms (3 queries, 1 cached) | GC: 0.0ms)


